#
# There is insufficient memory for the Java Runtime Environment to continue.
# Native memory allocation (malloc) failed to allocate 85983232 bytes for committing reserved memory.
# Possible reasons:
#   The system is out of physical RAM or swap space
#   In 32 bit mode, the process size limit was hit
# Possible solutions:
#   Reduce memory load on the system
#   Increase physical memory or swap space
#   Check if swap backing store is full
#   Use 64 bit Java on a 64 bit OS
#   Decrease Java heap size (-Xmx/-Xms)
#   Decrease number of Java threads
#   Decrease Java thread stack sizes (-Xss)
#   Set larger code cache with -XX:ReservedCodeCacheSize=
# This output file may be truncated or incomplete.
#
#  Out of Memory Error (os_linux.cpp:2756), pid=7564, tid=139829903165184
#
# JRE version:  (7.0_76-b13) (build )
# Java VM: Java HotSpot(TM) 64-Bit Server VM (24.76-b04 mixed mode linux-amd64 compressed oops)
# Failed to write core dump. Core dumps have been disabled. To enable core dumping, try "ulimit -c unlimited" before starting Java again
#

---------------  T H R E A D  ---------------

Current thread (0x00007f2ca800a000):  JavaThread "Unknown thread" [_thread_in_vm, id=7567, stack(0x00007f2cafa50000,0x00007f2cafb51000)]

Stack: [0x00007f2cafa50000,0x00007f2cafb51000],  sp=0x00007f2cafb4f230,  free space=1020k
Native frames: (J=compiled Java code, j=interpreted, Vv=VM code, C=native code)
V  [libjvm.so+0x9a32ba]  VMError::report_and_die()+0x2ea
V  [libjvm.so+0x497f7b]  report_vm_out_of_memory(char const*, int, unsigned long, char const*)+0x9b
V  [libjvm.so+0x81fcce]  os::Linux::commit_memory_impl(char*, unsigned long, bool)+0xfe
V  [libjvm.so+0x820219]  os::pd_commit_memory(char*, unsigned long, unsigned long, bool)+0x29
V  [libjvm.so+0x819faa]  os::commit_memory(char*, unsigned long, unsigned long, bool)+0x2a
V  [libjvm.so+0x88d843]  PSVirtualSpace::expand_by(unsigned long)+0x53
V  [libjvm.so+0x87c4b3]  PSOldGen::initialize(ReservedSpace, unsigned long, char const*, int)+0x103
V  [libjvm.so+0x29a9b3]  AdjoiningGenerations::AdjoiningGenerations(ReservedSpace, unsigned long, unsigned long, unsigned long, unsigned long, unsigned long, unsigned long, unsigned long)+0x3e3
V  [libjvm.so+0x8415d5]  ParallelScavengeHeap::initialize()+0x4d5
V  [libjvm.so+0x97518a]  Universe::initialize_heap()+0xca
V  [libjvm.so+0x976359]  universe_init()+0x79
V  [libjvm.so+0x5b1d25]  init_globals()+0x65
V  [libjvm.so+0x95dc4d]  Threads::create_vm(JavaVMInitArgs*, bool*)+0x1ed
V  [libjvm.so+0x639fe4]  JNI_CreateJavaVM+0x74
C  [libjli.so+0x2f8e]  JavaMain+0x9e


---------------  P R O C E S S  ---------------

Java Threads: ( => current thread )

Other Threads:

=>0x00007f2ca800a000 (exited) JavaThread "Unknown thread" [_thread_in_vm, id=7567, stack(0x00007f2cafa50000,0x00007f2cafb51000)]

VM state:not at safepoint (not fully initialized)

VM Mutex/Monitor currently owned by a thread: None

GC Heap History (0 events):
No events

Deoptimization events (0 events):
No events

Internal exceptions (0 events):
No events

Events (0 events):
No events


Dynamic libraries:
00400000-00401000 r-xp 00000000 08:03 11415042                           /usr/lib/jvm/java-7-oracle/bin/java
00600000-00601000 rw-p 00000000 08:03 11415042                           /usr/lib/jvm/java-7-oracle/bin/java
00f08000-00f29000 rw-p 00000000 00:00 0                                  [heap]
d8000000-e0000000 rw-p 00000000 00:00 0 
e5200000-f5500000 rw-p 00000000 00:00 0 
f5500000-f7e00000 rw-p 00000000 00:00 0 
f7e00000-100000000 rw-p 00000000 00:00 0 
7f2ca5000000-7f2ca5270000 rwxp 00000000 00:00 0 
7f2ca5270000-7f2ca8026000 rw-p 00000000 00:00 0 
7f2ca8026000-7f2cac000000 ---p 00000000 00:00 0 
7f2cac9b6000-7f2cacbfe000 rw-p 00000000 00:00 0 
7f2cacbfe000-7f2cacce8000 rw-p 00000000 00:00 0 
7f2cacce8000-7f2caccfd000 rw-p 00000000 00:00 0 
7f2caccfd000-7f2cacd3e000 rw-p 00000000 00:00 0 
7f2cacd3e000-7f2cacd3f000 rw-p 00000000 00:00 0 
7f2cacd3f000-7f2cacd59000 r-xp 00000000 08:03 11413687                   /usr/lib/jvm/java-7-oracle/jre/lib/amd64/libzip.so
7f2cacd59000-7f2cacf59000 ---p 0001a000 08:03 11413687                   /usr/lib/jvm/java-7-oracle/jre/lib/amd64/libzip.so
7f2cacf59000-7f2cacf5a000 rw-p 0001a000 08:03 11413687                   /usr/lib/jvm/java-7-oracle/jre/lib/amd64/libzip.so
7f2cacf5a000-7f2cacf65000 r-xp 00000000 08:03 11013054                   /lib/x86_64-linux-gnu/libnss_files-2.19.so
7f2cacf65000-7f2cad164000 ---p 0000b000 08:03 11013054                   /lib/x86_64-linux-gnu/libnss_files-2.19.so
7f2cad164000-7f2cad165000 r--p 0000a000 08:03 11013054                   /lib/x86_64-linux-gnu/libnss_files-2.19.so
7f2cad165000-7f2cad166000 rw-p 0000b000 08:03 11013054                   /lib/x86_64-linux-gnu/libnss_files-2.19.so
7f2cad166000-7f2cad171000 r-xp 00000000 08:03 11013202                   /lib/x86_64-linux-gnu/libnss_nis-2.19.so
7f2cad171000-7f2cad370000 ---p 0000b000 08:03 11013202                   /lib/x86_64-linux-gnu/libnss_nis-2.19.so
7f2cad370000-7f2cad371000 r--p 0000a000 08:03 11013202                   /lib/x86_64-linux-gnu/libnss_nis-2.19.so
7f2cad371000-7f2cad372000 rw-p 0000b000 08:03 11013202                   /lib/x86_64-linux-gnu/libnss_nis-2.19.so
7f2cad372000-7f2cad389000 r-xp 00000000 08:03 11013090                   /lib/x86_64-linux-gnu/libnsl-2.19.so
7f2cad389000-7f2cad588000 ---p 00017000 08:03 11013090                   /lib/x86_64-linux-gnu/libnsl-2.19.so
7f2cad588000-7f2cad589000 r--p 00016000 08:03 11013090                   /lib/x86_64-linux-gnu/libnsl-2.19.so
7f2cad589000-7f2cad58a000 rw-p 00017000 08:03 11013090                   /lib/x86_64-linux-gnu/libnsl-2.19.so
7f2cad58a000-7f2cad58c000 rw-p 00000000 00:00 0 
7f2cad58c000-7f2cad595000 r-xp 00000000 08:03 11013086                   /lib/x86_64-linux-gnu/libnss_compat-2.19.so
7f2cad595000-7f2cad794000 ---p 00009000 08:03 11013086                   /lib/x86_64-linux-gnu/libnss_compat-2.19.so
7f2cad794000-7f2cad795000 r--p 00008000 08:03 11013086                   /lib/x86_64-linux-gnu/libnss_compat-2.19.so
7f2cad795000-7f2cad796000 rw-p 00009000 08:03 11013086                   /lib/x86_64-linux-gnu/libnss_compat-2.19.so
7f2cad796000-7f2cad7bf000 r-xp 00000000 08:03 11413703                   /usr/lib/jvm/java-7-oracle/jre/lib/amd64/libjava.so
7f2cad7bf000-7f2cad9bf000 ---p 00029000 08:03 11413703                   /usr/lib/jvm/java-7-oracle/jre/lib/amd64/libjava.so
7f2cad9bf000-7f2cad9c1000 rw-p 00029000 08:03 11413703                   /usr/lib/jvm/java-7-oracle/jre/lib/amd64/libjava.so
7f2cad9c1000-7f2cad9ce000 r-xp 00000000 08:03 11413697                   /usr/lib/jvm/java-7-oracle/jre/lib/amd64/libverify.so
7f2cad9ce000-7f2cadbcd000 ---p 0000d000 08:03 11413697                   /usr/lib/jvm/java-7-oracle/jre/lib/amd64/libverify.so
7f2cadbcd000-7f2cadbcf000 rw-p 0000c000 08:03 11413697                   /usr/lib/jvm/java-7-oracle/jre/lib/amd64/libverify.so
7f2cadbcf000-7f2cadbd6000 r-xp 00000000 08:03 11013158                   /lib/x86_64-linux-gnu/librt-2.19.so
7f2cadbd6000-7f2caddd5000 ---p 00007000 08:03 11013158                   /lib/x86_64-linux-gnu/librt-2.19.so
7f2caddd5000-7f2caddd6000 r--p 00006000 08:03 11013158                   /lib/x86_64-linux-gnu/librt-2.19.so
7f2caddd6000-7f2caddd7000 rw-p 00007000 08:03 11013158                   /lib/x86_64-linux-gnu/librt-2.19.so
7f2caddd7000-7f2cadedc000 r-xp 00000000 08:03 11013050                   /lib/x86_64-linux-gnu/libm-2.19.so
7f2cadedc000-7f2cae0db000 ---p 00105000 08:03 11013050                   /lib/x86_64-linux-gnu/libm-2.19.so
7f2cae0db000-7f2cae0dc000 r--p 00104000 08:03 11013050                   /lib/x86_64-linux-gnu/libm-2.19.so
7f2cae0dc000-7f2cae0dd000 rw-p 00105000 08:03 11013050                   /lib/x86_64-linux-gnu/libm-2.19.so
7f2cae0dd000-7f2caec52000 r-xp 00000000 08:03 11413664                   /usr/lib/jvm/java-7-oracle/jre/lib/amd64/server/libjvm.so
7f2caec52000-7f2caee52000 ---p 00b75000 08:03 11413664                   /usr/lib/jvm/java-7-oracle/jre/lib/amd64/server/libjvm.so
7f2caee52000-7f2caef16000 rw-p 00b75000 08:03 11413664                   /usr/lib/jvm/java-7-oracle/jre/lib/amd64/server/libjvm.so
7f2caef16000-7f2caef57000 rw-p 00000000 00:00 0 
7f2caef57000-7f2caf112000 r-xp 00000000 08:03 11013140                   /lib/x86_64-linux-gnu/libc-2.19.so
7f2caf112000-7f2caf311000 ---p 001bb000 08:03 11013140                   /lib/x86_64-linux-gnu/libc-2.19.so
7f2caf311000-7f2caf315000 r--p 001ba000 08:03 11013140                   /lib/x86_64-linux-gnu/libc-2.19.so
7f2caf315000-7f2caf317000 rw-p 001be000 08:03 11013140                   /lib/x86_64-linux-gnu/libc-2.19.so
7f2caf317000-7f2caf31c000 rw-p 00000000 00:00 0 
7f2caf31c000-7f2caf31f000 r-xp 00000000 08:03 11013066                   /lib/x86_64-linux-gnu/libdl-2.19.so
7f2caf31f000-7f2caf51e000 ---p 00003000 08:03 11013066                   /lib/x86_64-linux-gnu/libdl-2.19.so
7f2caf51e000-7f2caf51f000 r--p 00002000 08:03 11013066                   /lib/x86_64-linux-gnu/libdl-2.19.so
7f2caf51f000-7f2caf520000 rw-p 00003000 08:03 11013066                   /lib/x86_64-linux-gnu/libdl-2.19.so
7f2caf520000-7f2caf536000 r-xp 00000000 08:03 11413816                   /usr/lib/jvm/java-7-oracle/lib/amd64/jli/libjli.so
7f2caf536000-7f2caf736000 ---p 00016000 08:03 11413816                   /usr/lib/jvm/java-7-oracle/lib/amd64/jli/libjli.so
7f2caf736000-7f2caf737000 rw-p 00016000 08:03 11413816                   /usr/lib/jvm/java-7-oracle/lib/amd64/jli/libjli.so
7f2caf737000-7f2caf750000 r-xp 00000000 08:03 11013149                   /lib/x86_64-linux-gnu/libpthread-2.19.so
7f2caf750000-7f2caf94f000 ---p 00019000 08:03 11013149                   /lib/x86_64-linux-gnu/libpthread-2.19.so
7f2caf94f000-7f2caf950000 r--p 00018000 08:03 11013149                   /lib/x86_64-linux-gnu/libpthread-2.19.so
7f2caf950000-7f2caf951000 rw-p 00019000 08:03 11013149                   /lib/x86_64-linux-gnu/libpthread-2.19.so
7f2caf951000-7f2caf955000 rw-p 00000000 00:00 0 
7f2caf955000-7f2caf978000 r-xp 00000000 08:03 11013098                   /lib/x86_64-linux-gnu/ld-2.19.so
7f2caf990000-7f2caf99a000 rw-p 00000000 00:00 0 
7f2caf99a000-7f2cafa50000 rw-p 00000000 00:00 0 
7f2cafa50000-7f2cafa53000 ---p 00000000 00:00 0 
7f2cafa53000-7f2cafb55000 rw-p 00000000 00:00 0                          [stack:7567]
7f2cafb69000-7f2cafb6b000 rw-p 00000000 00:00 0 
7f2cafb6b000-7f2cafb73000 rw-s 00000000 08:03 5258300                    /tmp/hsperfdata_john/7564
7f2cafb73000-7f2cafb74000 rw-p 00000000 00:00 0 
7f2cafb74000-7f2cafb75000 r--p 00000000 00:00 0 
7f2cafb75000-7f2cafb77000 rw-p 00000000 00:00 0 
7f2cafb77000-7f2cafb78000 r--p 00022000 08:03 11013098                   /lib/x86_64-linux-gnu/ld-2.19.so
7f2cafb78000-7f2cafb79000 rw-p 00023000 08:03 11013098                   /lib/x86_64-linux-gnu/ld-2.19.so
7f2cafb79000-7f2cafb7a000 rw-p 00000000 00:00 0 
7ffe335fa000-7ffe3361b000 rw-p 00000000 00:00 0                          [stack]
7ffe3373c000-7ffe3373e000 r-xp 00000000 00:00 0                          [vdso]
ffffffffff600000-ffffffffff601000 r-xp 00000000 00:00 0                  [vsyscall]

VM Arguments:
jvm_args: -Xmx512m -XX:MaxPermSize=128m -ea -Djboss.home.dir=/opt/jboss -Dorg.jboss.boot.log.file=/opt/jboss/standalone/log/boot.log -Dlogging.configuration=file:/opt/jboss/standalone/configuration/logging.properties -Djboss.modules.dir=/opt/jboss/modules -Djboss.bundles.dir=/opt/jboss/bundles 
java_command: /opt/jboss/jboss-modules.jar -mp /opt/jboss/modules -jaxpmodule javax.xml.jaxp-provider org.jboss.as.standalone -server-config standalone.xml
Launcher Type: SUN_STANDARD

Environment Variables:
JAVA_HOME=/usr/lib/jvm/java-7-oracle
PATH=/home/john/bin:/usr/local/sbin:/usr/local/bin:/usr/sbin:/usr/bin:/sbin:/bin:/usr/games:/usr/local/games:/usr/lib/jvm/java-7-oracle/bin:/usr/lib/jvm/java-7-oracle/db/bin:/usr/lib/jvm/java-7-oracle/jre/bin
SHELL=/bin/bash
DISPLAY=:0

Signal Handlers:
SIGSEGV: [libjvm.so+0x9a3bd0], sa_mask[0]=0x7ffbfeff, sa_flags=0x10000004
SIGBUS: [libjvm.so+0x9a3bd0], sa_mask[0]=0x7ffbfeff, sa_flags=0x10000004
SIGFPE: [libjvm.so+0x81cb60], sa_mask[0]=0x7ffbfeff, sa_flags=0x10000004
SIGPIPE: [libjvm.so+0x81cb60], sa_mask[0]=0x7ffbfeff, sa_flags=0x10000004
SIGXFSZ: [libjvm.so+0x81cb60], sa_mask[0]=0x7ffbfeff, sa_flags=0x10000004
SIGILL: [libjvm.so+0x81cb60], sa_mask[0]=0x7ffbfeff, sa_flags=0x10000004
SIGUSR1: SIG_DFL, sa_mask[0]=0x00000000, sa_flags=0x00000000
SIGUSR2: [libjvm.so+0x81e360], sa_mask[0]=0x00000004, sa_flags=0x10000004
SIGHUP: SIG_DFL, sa_mask[0]=0x00000000, sa_flags=0x00000000
SIGINT: SIG_DFL, sa_mask[0]=0x00000000, sa_flags=0x00000000
SIGTERM: SIG_DFL, sa_mask[0]=0x00000000, sa_flags=0x00000000
SIGQUIT: SIG_DFL, sa_mask[0]=0x00000000, sa_flags=0x00000000


---------------  S Y S T E M  ---------------

OS:jessie/sid

uname:Linux 3.13.0-49-generic #83-Ubuntu SMP Fri Apr 10 20:11:33 UTC 2015 x86_64
libc:glibc 2.19 NPTL 2.19 
rlimit: STACK 8192k, CORE 0k, NPROC 62749, NOFILE 4096, AS infinity
load average:2.67 1.67 0.97

/proc/meminfo:
MemTotal:        8053540 kB
MemFree:          101656 kB
Buffers:             328 kB
Cached:           464376 kB
SwapCached:        43904 kB
Active:          6418680 kB
Inactive:        1283444 kB
Active(anon):    6413804 kB
Inactive(anon):  1276884 kB
Active(file):       4876 kB
Inactive(file):     6560 kB
Unevictable:          32 kB
Mlocked:              32 kB
SwapTotal:       8191996 kB
SwapFree:              0 kB
Dirty:                 8 kB
Writeback:             0 kB
AnonPages:       7194312 kB
Mapped:            32636 kB
Shmem:            452616 kB
Slab:              78412 kB
SReclaimable:      29820 kB
SUnreclaim:        48592 kB
KernelStack:       14520 kB
PageTables:        69428 kB
NFS_Unstable:          0 kB
Bounce:                0 kB
WritebackTmp:          0 kB
CommitLimit:    12218764 kB
Committed_AS:   23895716 kB
VmallocTotal:   34359738367 kB
VmallocUsed:      365620 kB
VmallocChunk:   34359364184 kB
HardwareCorrupted:     0 kB
AnonHugePages:   4577280 kB
HugePages_Total:       0
HugePages_Free:        0
HugePages_Rsvd:        0
HugePages_Surp:        0
Hugepagesize:       2048 kB
DirectMap4k:       71120 kB
DirectMap2M:     8196096 kB


CPU:total 4 (2 cores per cpu, 2 threads per core) family 6 model 42 stepping 7, cmov, cx8, fxsr, mmx, sse, sse2, sse3, ssse3, sse4.1, sse4.2, popcnt, avx, aes, ht, tsc, tscinvbit

/proc/cpuinfo:
processor	: 0
vendor_id	: GenuineIntel
cpu family	: 6
model		: 42
model name	: Intel(R) Core(TM) i7-2620M CPU @ 2.70GHz
stepping	: 7
microcode	: 0x1a
cpu MHz		: 2701.000
cache size	: 4096 KB
physical id	: 0
siblings	: 4
core id		: 0
cpu cores	: 2
apicid		: 0
initial apicid	: 0
fpu		: yes
fpu_exception	: yes
cpuid level	: 13
wp		: yes
flags		: fpu vme de pse tsc msr pae mce cx8 apic sep mtrr pge mca cmov pat pse36 clflush dts acpi mmx fxsr sse sse2 ss ht tm pbe syscall nx rdtscp lm constant_tsc arch_perfmon pebs bts rep_good nopl xtopology nonstop_tsc aperfmperf eagerfpu pni pclmulqdq dtes64 monitor ds_cpl vmx smx est tm2 ssse3 cx16 xtpr pdcm pcid sse4_1 sse4_2 x2apic popcnt tsc_deadline_timer aes xsave avx lahf_lm ida arat epb xsaveopt pln pts dtherm tpr_shadow vnmi flexpriority ept vpid
bogomips	: 5387.98
clflush size	: 64
cache_alignment	: 64
address sizes	: 36 bits physical, 48 bits virtual
power management:

processor	: 1
vendor_id	: GenuineIntel
cpu family	: 6
model		: 42
model name	: Intel(R) Core(TM) i7-2620M CPU @ 2.70GHz
stepping	: 7
microcode	: 0x1a
cpu MHz		: 2701.000
cache size	: 4096 KB
physical id	: 0
siblings	: 4
core id		: 1
cpu cores	: 2
apicid		: 2
initial apicid	: 2
fpu		: yes
fpu_exception	: yes
cpuid level	: 13
wp		: yes
flags		: fpu vme de pse tsc msr pae mce cx8 apic sep mtrr pge mca cmov pat pse36 clflush dts acpi mmx fxsr sse sse2 ss ht tm pbe syscall nx rdtscp lm constant_tsc arch_perfmon pebs bts rep_good nopl xtopology nonstop_tsc aperfmperf eagerfpu pni pclmulqdq dtes64 monitor ds_cpl vmx smx est tm2 ssse3 cx16 xtpr pdcm pcid sse4_1 sse4_2 x2apic popcnt tsc_deadline_timer aes xsave avx lahf_lm ida arat epb xsaveopt pln pts dtherm tpr_shadow vnmi flexpriority ept vpid
bogomips	: 5387.98
clflush size	: 64
cache_alignment	: 64
address sizes	: 36 bits physical, 48 bits virtual
power management:

processor	: 2
vendor_id	: GenuineIntel
cpu family	: 6
model		: 42
model name	: Intel(R) Core(TM) i7-2620M CPU @ 2.70GHz
stepping	: 7
microcode	: 0x1a
cpu MHz		: 2701.000
cache size	: 4096 KB
physical id	: 0
siblings	: 4
core id		: 0
cpu cores	: 2
apicid		: 1
initial apicid	: 1
fpu		: yes
fpu_exception	: yes
cpuid level	: 13
wp		: yes
flags		: fpu vme de pse tsc msr pae mce cx8 apic sep mtrr pge mca cmov pat pse36 clflush dts acpi mmx fxsr sse sse2 ss ht tm pbe syscall nx rdtscp lm constant_tsc arch_perfmon pebs bts rep_good nopl xtopology nonstop_tsc aperfmperf eagerfpu pni pclmulqdq dtes64 monitor ds_cpl vmx smx est tm2 ssse3 cx16 xtpr pdcm pcid sse4_1 sse4_2 x2apic popcnt tsc_deadline_timer aes xsave avx lahf_lm ida arat epb xsaveopt pln pts dtherm tpr_shadow vnmi flexpriority ept vpid
bogomips	: 5387.98
clflush size	: 64
cache_alignment	: 64
address sizes	: 36 bits physical, 48 bits virtual
power management:

processor	: 3
vendor_id	: GenuineIntel
cpu family	: 6
model		: 42
model name	: Intel(R) Core(TM) i7-2620M CPU @ 2.70GHz
stepping	: 7
microcode	: 0x1a
cpu MHz		: 2701.000
cache size	: 4096 KB
physical id	: 0
siblings	: 4
core id		: 1
cpu cores	: 2
apicid		: 3
initial apicid	: 3
fpu		: yes
fpu_exception	: yes
cpuid level	: 13
wp		: yes
flags		: fpu vme de pse tsc msr pae mce cx8 apic sep mtrr pge mca cmov pat pse36 clflush dts acpi mmx fxsr sse sse2 ss ht tm pbe syscall nx rdtscp lm constant_tsc arch_perfmon pebs bts rep_good nopl xtopology nonstop_tsc aperfmperf eagerfpu pni pclmulqdq dtes64 monitor ds_cpl vmx smx est tm2 ssse3 cx16 xtpr pdcm pcid sse4_1 sse4_2 x2apic popcnt tsc_deadline_timer aes xsave avx lahf_lm ida arat epb xsaveopt pln pts dtherm tpr_shadow vnmi flexpriority ept vpid
bogomips	: 5387.98
clflush size	: 64
cache_alignment	: 64
address sizes	: 36 bits physical, 48 bits virtual
power management:



Memory: 4k page, physical 8053540k(101412k free), swap 8191996k(0k free)

vm_info: Java HotSpot(TM) 64-Bit Server VM (24.76-b04) for linux-amd64 JRE (1.7.0_76-b13), built on Dec 18 2014 16:58:39 by "java_re" with gcc 4.3.0 20080428 (Red Hat 4.3.0-8)

time: Tue Apr 14 16:49:50 2015
elapsed time: 0 seconds

